<?xml version="1.0" encoding="UTF-8"?>
<TestRun id="471f8872-42f8-482b-8150-969fd30b1bd6" name="chuck@MEDOZE 2010-12-19 19:24:00" runUser="medoze\chuck" xmlns="http://microsoft.com/schemas/VisualStudio/TeamTest/2010">
  <TestSettings name="Default Test Settings" id="85e76654-8cdf-4c74-9407-9c593087d1ce">
    <Deployment runDeploymentRoot="chuck_MEDOZE 2010-12-19 19_24_00">
      <DeploymentItem filename="C:\Users\chuck\Desktop\repos\FeedMe\EnterpriseProject\NET40\Moq.dll" />
      <DeploymentItem filename="C:\Users\chuck\Desktop\repos\FeedMe\EnterpriseProject\bin\EnterpriseProject.dll" />
    </Deployment>
    <Execution>
      <TestTypeSpecific />
      <AgentRule name="Execution Agents">
      </AgentRule>
    </Execution>
  </TestSettings>
  <Times creation="2010-12-19T19:24:00.5801011+00:00" queuing="2010-12-19T19:24:01.5780867+00:00" start="2010-12-19T19:24:02.1498939+00:00" finish="2010-12-19T19:24:06.3452883+00:00" />
  <ResultSummary outcome="Completed">
    <Counters total="18" executed="18" passed="18" error="0" failed="0" timeout="0" aborted="0" inconclusive="0" passedButRunAborted="0" notRunnable="0" notExecuted="0" disconnected="0" warning="0" completed="0" inProgress="0" pending="0" />
  </ResultSummary>
  <TestDefinitions>
    <UnitTest name="Index" storage="c:\users\chuck\desktop\repos\feedme\enterpriseproject.tests\bin\debug\enterpriseproject.tests.dll" id="ffb01ede-271b-d092-f374-540ad14a8553">
      <Execution id="f9984cff-0eec-4443-801e-466fb5fd07d0" />
      <TestMethod codeBase="C:/Users/chuck/Desktop/repos/FeedMe/EnterpriseProject.Tests/bin/Debug/EnterpriseProject.Tests.DLL" adapterTypeName="Microsoft.VisualStudio.TestTools.TestTypes.Unit.UnitTestAdapter, Microsoft.VisualStudio.QualityTools.Tips.UnitTest.Adapter, Version=10.0.0.0, Culture=neutral, PublicKeyToken=b03f5f7f11d50a3a" className="EnterpriseProject.Tests.Controllers.HomeControllerTest, EnterpriseProject.Tests, Version=1.0.0.0, Culture=neutral, PublicKeyToken=null" name="Index" />
    </UnitTest>
    <UnitTest name="CanMapToItems_Details" storage="c:\users\chuck\desktop\repos\feedme\enterpriseproject.tests\bin\debug\enterpriseproject.tests.dll" id="bf5d368f-0a39-efe6-3c1a-c97e395f41c4">
      <Execution id="b4eb6860-9ab5-4355-bc73-a7d3a1554908" />
      <TestMethod codeBase="C:/Users/chuck/Desktop/repos/FeedMe/EnterpriseProject.Tests/bin/Debug/EnterpriseProject.Tests.DLL" adapterTypeName="Microsoft.VisualStudio.TestTools.TestTypes.Unit.UnitTestAdapter, Microsoft.VisualStudio.QualityTools.Tips.UnitTest.Adapter, Version=10.0.0.0, Culture=neutral, PublicKeyToken=b03f5f7f11d50a3a" className="EnterpriseProject.Tests.Controllers.ControllerRoutingTest, EnterpriseProject.Tests, Version=1.0.0.0, Culture=neutral, PublicKeyToken=null" name="CanMapToItems_Details" />
    </UnitTest>
    <UnitTest name="CanMapToItems_ListMenus" storage="c:\users\chuck\desktop\repos\feedme\enterpriseproject.tests\bin\debug\enterpriseproject.tests.dll" id="3b95ecd8-3904-6c53-ef88-4f2dcec330fd">
      <Execution id="b880572a-2e0e-4038-ab82-393a9ec24ebb" />
      <TestMethod codeBase="C:/Users/chuck/Desktop/repos/FeedMe/EnterpriseProject.Tests/bin/Debug/EnterpriseProject.Tests.DLL" adapterTypeName="Microsoft.VisualStudio.TestTools.TestTypes.Unit.UnitTestAdapter, Microsoft.VisualStudio.QualityTools.Tips.UnitTest.Adapter, Version=10.0.0.0, Culture=neutral, PublicKeyToken=b03f5f7f11d50a3a" className="EnterpriseProject.Tests.Controllers.ControllerRoutingTest, EnterpriseProject.Tests, Version=1.0.0.0, Culture=neutral, PublicKeyToken=null" name="CanMapToItems_ListMenus" />
    </UnitTest>
    <UnitTest name="CanMapToAccounts_ChangePassword" storage="c:\users\chuck\desktop\repos\feedme\enterpriseproject.tests\bin\debug\enterpriseproject.tests.dll" id="7bcd19ef-ff2d-17a1-c799-3ddf15bb07af">
      <Execution id="1b34fe66-b9ec-439d-830d-8c3fecb244c8" />
      <TestMethod codeBase="C:/Users/chuck/Desktop/repos/FeedMe/EnterpriseProject.Tests/bin/Debug/EnterpriseProject.Tests.DLL" adapterTypeName="Microsoft.VisualStudio.TestTools.TestTypes.Unit.UnitTestAdapter, Microsoft.VisualStudio.QualityTools.Tips.UnitTest.Adapter, Version=10.0.0.0, Culture=neutral, PublicKeyToken=b03f5f7f11d50a3a" className="EnterpriseProject.Tests.Controllers.ControllerRoutingTest, EnterpriseProject.Tests, Version=1.0.0.0, Culture=neutral, PublicKeyToken=null" name="CanMapToAccounts_ChangePassword" />
    </UnitTest>
    <UnitTest name="CanMapToAccounts_Register" storage="c:\users\chuck\desktop\repos\feedme\enterpriseproject.tests\bin\debug\enterpriseproject.tests.dll" id="08800c93-4285-307c-1375-d90af60690bb">
      <Execution id="a41c23ac-5939-4d9b-9759-a7838488e71b" />
      <TestMethod codeBase="C:/Users/chuck/Desktop/repos/FeedMe/EnterpriseProject.Tests/bin/Debug/EnterpriseProject.Tests.DLL" adapterTypeName="Microsoft.VisualStudio.TestTools.TestTypes.Unit.UnitTestAdapter, Microsoft.VisualStudio.QualityTools.Tips.UnitTest.Adapter, Version=10.0.0.0, Culture=neutral, PublicKeyToken=b03f5f7f11d50a3a" className="EnterpriseProject.Tests.Controllers.ControllerRoutingTest, EnterpriseProject.Tests, Version=1.0.0.0, Culture=neutral, PublicKeyToken=null" name="CanMapToAccounts_Register" />
    </UnitTest>
    <UnitTest name="CanMapToAccounts_ChangePasswordSuccess" storage="c:\users\chuck\desktop\repos\feedme\enterpriseproject.tests\bin\debug\enterpriseproject.tests.dll" id="00ce9a54-4746-e156-d706-7ff260c23010">
      <Execution id="633d154a-4627-4d75-ab09-76fb54820b64" />
      <TestMethod codeBase="C:/Users/chuck/Desktop/repos/FeedMe/EnterpriseProject.Tests/bin/Debug/EnterpriseProject.Tests.DLL" adapterTypeName="Microsoft.VisualStudio.TestTools.TestTypes.Unit.UnitTestAdapter, Microsoft.VisualStudio.QualityTools.Tips.UnitTest.Adapter, Version=10.0.0.0, Culture=neutral, PublicKeyToken=b03f5f7f11d50a3a" className="EnterpriseProject.Tests.Controllers.ControllerRoutingTest, EnterpriseProject.Tests, Version=1.0.0.0, Culture=neutral, PublicKeyToken=null" name="CanMapToAccounts_ChangePasswordSuccess" />
    </UnitTest>
    <UnitTest name="CanMapToItems_Edit" storage="c:\users\chuck\desktop\repos\feedme\enterpriseproject.tests\bin\debug\enterpriseproject.tests.dll" id="8fbbf3e5-cd4a-ef0e-7f78-0dedacd0ea78">
      <Execution id="b3e6ad88-e1ea-4320-9cf2-f10519ed8cec" />
      <TestMethod codeBase="C:/Users/chuck/Desktop/repos/FeedMe/EnterpriseProject.Tests/bin/Debug/EnterpriseProject.Tests.DLL" adapterTypeName="Microsoft.VisualStudio.TestTools.TestTypes.Unit.UnitTestAdapter, Microsoft.VisualStudio.QualityTools.Tips.UnitTest.Adapter, Version=10.0.0.0, Culture=neutral, PublicKeyToken=b03f5f7f11d50a3a" className="EnterpriseProject.Tests.Controllers.ControllerRoutingTest, EnterpriseProject.Tests, Version=1.0.0.0, Culture=neutral, PublicKeyToken=null" name="CanMapToItems_Edit" />
    </UnitTest>
    <UnitTest name="CanMapToItems_Delete" storage="c:\users\chuck\desktop\repos\feedme\enterpriseproject.tests\bin\debug\enterpriseproject.tests.dll" id="e9eaa444-981a-c42b-7b99-5265517c95c7">
      <Execution id="fd2c817b-2117-4802-a8d3-7b20467f80f8" />
      <TestMethod codeBase="C:/Users/chuck/Desktop/repos/FeedMe/EnterpriseProject.Tests/bin/Debug/EnterpriseProject.Tests.DLL" adapterTypeName="Microsoft.VisualStudio.TestTools.TestTypes.Unit.UnitTestAdapter, Microsoft.VisualStudio.QualityTools.Tips.UnitTest.Adapter, Version=10.0.0.0, Culture=neutral, PublicKeyToken=b03f5f7f11d50a3a" className="EnterpriseProject.Tests.Controllers.ControllerRoutingTest, EnterpriseProject.Tests, Version=1.0.0.0, Culture=neutral, PublicKeyToken=null" name="CanMapToItems_Delete" />
    </UnitTest>
    <UnitTest name="CanMapToAccounts_LogOn" storage="c:\users\chuck\desktop\repos\feedme\enterpriseproject.tests\bin\debug\enterpriseproject.tests.dll" id="07a472ee-5d51-7c25-c2fe-0a30f9d5d3fd">
      <Execution id="2b810371-f391-459d-9082-83bcaf08029a" />
      <TestMethod codeBase="C:/Users/chuck/Desktop/repos/FeedMe/EnterpriseProject.Tests/bin/Debug/EnterpriseProject.Tests.DLL" adapterTypeName="Microsoft.VisualStudio.TestTools.TestTypes.Unit.UnitTestAdapter, Microsoft.VisualStudio.QualityTools.Tips.UnitTest.Adapter, Version=10.0.0.0, Culture=neutral, PublicKeyToken=b03f5f7f11d50a3a" className="EnterpriseProject.Tests.Controllers.ControllerRoutingTest, EnterpriseProject.Tests, Version=1.0.0.0, Culture=neutral, PublicKeyToken=null" name="CanMapToAccounts_LogOn" />
    </UnitTest>
    <UnitTest name="CanMapToHome_Index" storage="c:\users\chuck\desktop\repos\feedme\enterpriseproject.tests\bin\debug\enterpriseproject.tests.dll" id="af336df0-1f56-8226-f009-66bd7b440043">
      <Execution id="72604fd2-bb49-430d-8ad8-564614e1c842" />
      <TestMethod codeBase="C:/Users/chuck/Desktop/repos/FeedMe/EnterpriseProject.Tests/bin/Debug/EnterpriseProject.Tests.DLL" adapterTypeName="Microsoft.VisualStudio.TestTools.TestTypes.Unit.UnitTestAdapter, Microsoft.VisualStudio.QualityTools.Tips.UnitTest.Adapter, Version=10.0.0.0, Culture=neutral, PublicKeyToken=b03f5f7f11d50a3a" className="EnterpriseProject.Tests.Controllers.ControllerRoutingTest, EnterpriseProject.Tests, Version=1.0.0.0, Culture=neutral, PublicKeyToken=null" name="CanMapToHome_Index" />
    </UnitTest>
    <UnitTest name="CanMapToAccounts_LogOff" storage="c:\users\chuck\desktop\repos\feedme\enterpriseproject.tests\bin\debug\enterpriseproject.tests.dll" id="80755ce1-26b3-cc24-8304-0a1028eb0c45">
      <Execution id="74b124f1-50a6-4796-9e13-f5495caac879" />
      <TestMethod codeBase="C:/Users/chuck/Desktop/repos/FeedMe/EnterpriseProject.Tests/bin/Debug/EnterpriseProject.Tests.DLL" adapterTypeName="Microsoft.VisualStudio.TestTools.TestTypes.Unit.UnitTestAdapter, Microsoft.VisualStudio.QualityTools.Tips.UnitTest.Adapter, Version=10.0.0.0, Culture=neutral, PublicKeyToken=b03f5f7f11d50a3a" className="EnterpriseProject.Tests.Controllers.ControllerRoutingTest, EnterpriseProject.Tests, Version=1.0.0.0, Culture=neutral, PublicKeyToken=null" name="CanMapToAccounts_LogOff" />
    </UnitTest>
    <UnitTest name="CanMapToHome_About" storage="c:\users\chuck\desktop\repos\feedme\enterpriseproject.tests\bin\debug\enterpriseproject.tests.dll" id="f1cded69-73be-c51a-b3c9-a86464daf6ac">
      <Execution id="665b1618-20ad-4b24-8a6f-060c73ba643e" />
      <TestMethod codeBase="C:/Users/chuck/Desktop/repos/FeedMe/EnterpriseProject.Tests/bin/Debug/EnterpriseProject.Tests.DLL" adapterTypeName="Microsoft.VisualStudio.TestTools.TestTypes.Unit.UnitTestAdapter, Microsoft.VisualStudio.QualityTools.Tips.UnitTest.Adapter, Version=10.0.0.0, Culture=neutral, PublicKeyToken=b03f5f7f11d50a3a" className="EnterpriseProject.Tests.Controllers.ControllerRoutingTest, EnterpriseProject.Tests, Version=1.0.0.0, Culture=neutral, PublicKeyToken=null" name="CanMapToHome_About" />
    </UnitTest>
    <UnitTest name="CanMapToFriends_Show" storage="c:\users\chuck\desktop\repos\feedme\enterpriseproject.tests\bin\debug\enterpriseproject.tests.dll" id="24a88fba-68a9-d2ce-9fc6-d9cd3fc5261a">
      <Execution id="93790115-1c49-407a-9bd7-09225bb0f1ea" />
      <TestMethod codeBase="C:/Users/chuck/Desktop/repos/FeedMe/EnterpriseProject.Tests/bin/Debug/EnterpriseProject.Tests.DLL" adapterTypeName="Microsoft.VisualStudio.TestTools.TestTypes.Unit.UnitTestAdapter, Microsoft.VisualStudio.QualityTools.Tips.UnitTest.Adapter, Version=10.0.0.0, Culture=neutral, PublicKeyToken=b03f5f7f11d50a3a" className="EnterpriseProject.Tests.Controllers.ControllerRoutingTest, EnterpriseProject.Tests, Version=1.0.0.0, Culture=neutral, PublicKeyToken=null" name="CanMapToFriends_Show" />
    </UnitTest>
    <UnitTest name="LogOn" storage="c:\users\chuck\desktop\repos\feedme\enterpriseproject.tests\bin\debug\enterpriseproject.tests.dll" id="fd707946-62aa-cf95-8617-a7c4ee2b589f">
      <Execution id="64e3af1f-fc36-4c43-8f30-d44443c03cb6" />
      <TestMethod codeBase="C:/Users/chuck/Desktop/repos/FeedMe/EnterpriseProject.Tests/bin/Debug/EnterpriseProject.Tests.DLL" adapterTypeName="Microsoft.VisualStudio.TestTools.TestTypes.Unit.UnitTestAdapter, Microsoft.VisualStudio.QualityTools.Tips.UnitTest.Adapter, Version=10.0.0.0, Culture=neutral, PublicKeyToken=b03f5f7f11d50a3a" className="EnterpriseProject.Tests.Controllers.AccountControllerTest, EnterpriseProject.Tests, Version=1.0.0.0, Culture=neutral, PublicKeyToken=null" name="LogOn" />
    </UnitTest>
    <UnitTest name="CanMapToItems_Index" storage="c:\users\chuck\desktop\repos\feedme\enterpriseproject.tests\bin\debug\enterpriseproject.tests.dll" id="098b2a1a-11ab-a6aa-e5e7-e809ed10fbd0">
      <Execution id="df16ba35-5520-40f8-994f-76d838b4b68c" />
      <TestMethod codeBase="C:/Users/chuck/Desktop/repos/FeedMe/EnterpriseProject.Tests/bin/Debug/EnterpriseProject.Tests.DLL" adapterTypeName="Microsoft.VisualStudio.TestTools.TestTypes.Unit.UnitTestAdapter, Microsoft.VisualStudio.QualityTools.Tips.UnitTest.Adapter, Version=10.0.0.0, Culture=neutral, PublicKeyToken=b03f5f7f11d50a3a" className="EnterpriseProject.Tests.Controllers.ControllerRoutingTest, EnterpriseProject.Tests, Version=1.0.0.0, Culture=neutral, PublicKeyToken=null" name="CanMapToItems_Index" />
    </UnitTest>
    <UnitTest name="About" storage="c:\users\chuck\desktop\repos\feedme\enterpriseproject.tests\bin\debug\enterpriseproject.tests.dll" id="b52d15b4-5b56-72cc-4111-5824d79f490b">
      <Execution id="9cbc6f77-5e59-412c-b441-28a9574e46f5" />
      <TestMethod codeBase="C:/Users/chuck/Desktop/repos/FeedMe/EnterpriseProject.Tests/bin/Debug/EnterpriseProject.Tests.DLL" adapterTypeName="Microsoft.VisualStudio.TestTools.TestTypes.Unit.UnitTestAdapter, Microsoft.VisualStudio.QualityTools.Tips.UnitTest.Adapter, Version=10.0.0.0, Culture=neutral, PublicKeyToken=b03f5f7f11d50a3a" className="EnterpriseProject.Tests.Controllers.HomeControllerTest, EnterpriseProject.Tests, Version=1.0.0.0, Culture=neutral, PublicKeyToken=null" name="About" />
    </UnitTest>
    <UnitTest name="CanMapToItems_Create" storage="c:\users\chuck\desktop\repos\feedme\enterpriseproject.tests\bin\debug\enterpriseproject.tests.dll" id="23842cb9-3b8c-e1e3-a514-81d6053cc6b9">
      <Execution id="f9c4c448-6814-41bd-b723-f7084da07f4c" />
      <TestMethod codeBase="C:/Users/chuck/Desktop/repos/FeedMe/EnterpriseProject.Tests/bin/Debug/EnterpriseProject.Tests.DLL" adapterTypeName="Microsoft.VisualStudio.TestTools.TestTypes.Unit.UnitTestAdapter, Microsoft.VisualStudio.QualityTools.Tips.UnitTest.Adapter, Version=10.0.0.0, Culture=neutral, PublicKeyToken=b03f5f7f11d50a3a" className="EnterpriseProject.Tests.Controllers.ControllerRoutingTest, EnterpriseProject.Tests, Version=1.0.0.0, Culture=neutral, PublicKeyToken=null" name="CanMapToItems_Create" />
    </UnitTest>
    <UnitTest name="CanMapToFriends_Index" storage="c:\users\chuck\desktop\repos\feedme\enterpriseproject.tests\bin\debug\enterpriseproject.tests.dll" id="c54f75ab-f7e6-6644-68eb-e6d40be050c0">
      <Execution id="f6aaeb97-9670-4df9-a875-aa4ebc91f801" />
      <TestMethod codeBase="C:/Users/chuck/Desktop/repos/FeedMe/EnterpriseProject.Tests/bin/Debug/EnterpriseProject.Tests.DLL" adapterTypeName="Microsoft.VisualStudio.TestTools.TestTypes.Unit.UnitTestAdapter, Microsoft.VisualStudio.QualityTools.Tips.UnitTest.Adapter, Version=10.0.0.0, Culture=neutral, PublicKeyToken=b03f5f7f11d50a3a" className="EnterpriseProject.Tests.Controllers.ControllerRoutingTest, EnterpriseProject.Tests, Version=1.0.0.0, Culture=neutral, PublicKeyToken=null" name="CanMapToFriends_Index" />
    </UnitTest>
  </TestDefinitions>
  <TestLists>
    <TestList name="Results Not in a List" id="8c84fa94-04c1-424b-9868-57a2d4851a1d" />
    <TestList name="All Loaded Results" id="19431567-8539-422a-85d7-44ee4e166bda" />
  </TestLists>
  <TestEntries>
    <TestEntry testId="00ce9a54-4746-e156-d706-7ff260c23010" executionId="633d154a-4627-4d75-ab09-76fb54820b64" testListId="8c84fa94-04c1-424b-9868-57a2d4851a1d" />
    <TestEntry testId="07a472ee-5d51-7c25-c2fe-0a30f9d5d3fd" executionId="2b810371-f391-459d-9082-83bcaf08029a" testListId="8c84fa94-04c1-424b-9868-57a2d4851a1d" />
    <TestEntry testId="08800c93-4285-307c-1375-d90af60690bb" executionId="a41c23ac-5939-4d9b-9759-a7838488e71b" testListId="8c84fa94-04c1-424b-9868-57a2d4851a1d" />
    <TestEntry testId="098b2a1a-11ab-a6aa-e5e7-e809ed10fbd0" executionId="df16ba35-5520-40f8-994f-76d838b4b68c" testListId="8c84fa94-04c1-424b-9868-57a2d4851a1d" />
    <TestEntry testId="23842cb9-3b8c-e1e3-a514-81d6053cc6b9" executionId="f9c4c448-6814-41bd-b723-f7084da07f4c" testListId="8c84fa94-04c1-424b-9868-57a2d4851a1d" />
    <TestEntry testId="24a88fba-68a9-d2ce-9fc6-d9cd3fc5261a" executionId="93790115-1c49-407a-9bd7-09225bb0f1ea" testListId="8c84fa94-04c1-424b-9868-57a2d4851a1d" />
    <TestEntry testId="3b95ecd8-3904-6c53-ef88-4f2dcec330fd" executionId="b880572a-2e0e-4038-ab82-393a9ec24ebb" testListId="8c84fa94-04c1-424b-9868-57a2d4851a1d" />
    <TestEntry testId="7bcd19ef-ff2d-17a1-c799-3ddf15bb07af" executionId="1b34fe66-b9ec-439d-830d-8c3fecb244c8" testListId="8c84fa94-04c1-424b-9868-57a2d4851a1d" />
    <TestEntry testId="80755ce1-26b3-cc24-8304-0a1028eb0c45" executionId="74b124f1-50a6-4796-9e13-f5495caac879" testListId="8c84fa94-04c1-424b-9868-57a2d4851a1d" />
    <TestEntry testId="8fbbf3e5-cd4a-ef0e-7f78-0dedacd0ea78" executionId="b3e6ad88-e1ea-4320-9cf2-f10519ed8cec" testListId="8c84fa94-04c1-424b-9868-57a2d4851a1d" />
    <TestEntry testId="af336df0-1f56-8226-f009-66bd7b440043" executionId="72604fd2-bb49-430d-8ad8-564614e1c842" testListId="8c84fa94-04c1-424b-9868-57a2d4851a1d" />
    <TestEntry testId="b52d15b4-5b56-72cc-4111-5824d79f490b" executionId="9cbc6f77-5e59-412c-b441-28a9574e46f5" testListId="8c84fa94-04c1-424b-9868-57a2d4851a1d" />
    <TestEntry testId="bf5d368f-0a39-efe6-3c1a-c97e395f41c4" executionId="b4eb6860-9ab5-4355-bc73-a7d3a1554908" testListId="8c84fa94-04c1-424b-9868-57a2d4851a1d" />
    <TestEntry testId="c54f75ab-f7e6-6644-68eb-e6d40be050c0" executionId="f6aaeb97-9670-4df9-a875-aa4ebc91f801" testListId="8c84fa94-04c1-424b-9868-57a2d4851a1d" />
    <TestEntry testId="e9eaa444-981a-c42b-7b99-5265517c95c7" executionId="fd2c817b-2117-4802-a8d3-7b20467f80f8" testListId="8c84fa94-04c1-424b-9868-57a2d4851a1d" />
    <TestEntry testId="f1cded69-73be-c51a-b3c9-a86464daf6ac" executionId="665b1618-20ad-4b24-8a6f-060c73ba643e" testListId="8c84fa94-04c1-424b-9868-57a2d4851a1d" />
    <TestEntry testId="fd707946-62aa-cf95-8617-a7c4ee2b589f" executionId="64e3af1f-fc36-4c43-8f30-d44443c03cb6" testListId="8c84fa94-04c1-424b-9868-57a2d4851a1d" />
    <TestEntry testId="ffb01ede-271b-d092-f374-540ad14a8553" executionId="f9984cff-0eec-4443-801e-466fb5fd07d0" testListId="8c84fa94-04c1-424b-9868-57a2d4851a1d" />
  </TestEntries>
  <Results>
    <UnitTestResult executionId="633d154a-4627-4d75-ab09-76fb54820b64" testId="00ce9a54-4746-e156-d706-7ff260c23010" testName="CanMapToAccounts_ChangePasswordSuccess" computerName="MEDOZE" duration="00:00:00.8486902" startTime="2010-12-19T19:24:02.4454347+00:00" endTime="2010-12-19T19:24:04.0398559+00:00" testType="13cdc9d9-ddb5-4fa4-a97d-d965ccfc6d4b" outcome="Passed" testListId="8c84fa94-04c1-424b-9868-57a2d4851a1d" relativeResultsDirectory="633d154a-4627-4d75-ab09-76fb54820b64">
    </UnitTestResult>
    <UnitTestResult executionId="2b810371-f391-459d-9082-83bcaf08029a" testId="07a472ee-5d51-7c25-c2fe-0a30f9d5d3fd" testName="CanMapToAccounts_LogOn" computerName="MEDOZE" duration="00:00:00.0154550" startTime="2010-12-19T19:24:04.0569887+00:00" endTime="2010-12-19T19:24:04.1062455+00:00" testType="13cdc9d9-ddb5-4fa4-a97d-d965ccfc6d4b" outcome="Passed" testListId="8c84fa94-04c1-424b-9868-57a2d4851a1d" relativeResultsDirectory="2b810371-f391-459d-9082-83bcaf08029a">
    </UnitTestResult>
    <UnitTestResult executionId="a41c23ac-5939-4d9b-9759-a7838488e71b" testId="08800c93-4285-307c-1375-d90af60690bb" testName="CanMapToAccounts_Register" computerName="MEDOZE" duration="00:00:00.0220704" startTime="2010-12-19T19:24:04.1158827+00:00" endTime="2010-12-19T19:24:04.1694227+00:00" testType="13cdc9d9-ddb5-4fa4-a97d-d965ccfc6d4b" outcome="Passed" testListId="8c84fa94-04c1-424b-9868-57a2d4851a1d" relativeResultsDirectory="a41c23ac-5939-4d9b-9759-a7838488e71b">
    </UnitTestResult>
    <UnitTestResult executionId="df16ba35-5520-40f8-994f-76d838b4b68c" testId="098b2a1a-11ab-a6aa-e5e7-e809ed10fbd0" testName="CanMapToItems_Index" computerName="MEDOZE" duration="00:00:00.0100320" startTime="2010-12-19T19:24:04.1886971+00:00" endTime="2010-12-19T19:24:04.2208211+00:00" testType="13cdc9d9-ddb5-4fa4-a97d-d965ccfc6d4b" outcome="Passed" testListId="8c84fa94-04c1-424b-9868-57a2d4851a1d" relativeResultsDirectory="df16ba35-5520-40f8-994f-76d838b4b68c">
    </UnitTestResult>
    <UnitTestResult executionId="f9c4c448-6814-41bd-b723-f7084da07f4c" testId="23842cb9-3b8c-e1e3-a514-81d6053cc6b9" testName="CanMapToItems_Create" computerName="MEDOZE" duration="00:00:00.1605472" startTime="2010-12-19T19:24:04.2315291+00:00" endTime="2010-12-19T19:24:04.5431319+00:00" testType="13cdc9d9-ddb5-4fa4-a97d-d965ccfc6d4b" outcome="Passed" testListId="8c84fa94-04c1-424b-9868-57a2d4851a1d" relativeResultsDirectory="f9c4c448-6814-41bd-b723-f7084da07f4c">
    </UnitTestResult>
    <UnitTestResult executionId="93790115-1c49-407a-9bd7-09225bb0f1ea" testId="24a88fba-68a9-d2ce-9fc6-d9cd3fc5261a" testName="CanMapToFriends_Show" computerName="MEDOZE" duration="00:00:00.0146211" startTime="2010-12-19T19:24:04.5656187+00:00" endTime="2010-12-19T19:24:04.6180879+00:00" testType="13cdc9d9-ddb5-4fa4-a97d-d965ccfc6d4b" outcome="Passed" testListId="8c84fa94-04c1-424b-9868-57a2d4851a1d" relativeResultsDirectory="93790115-1c49-407a-9bd7-09225bb0f1ea">
    </UnitTestResult>
    <UnitTestResult executionId="b880572a-2e0e-4038-ab82-393a9ec24ebb" testId="3b95ecd8-3904-6c53-ef88-4f2dcec330fd" testName="CanMapToItems_ListMenus" computerName="MEDOZE" duration="00:00:00.0138355" startTime="2010-12-19T19:24:04.6405747+00:00" endTime="2010-12-19T19:24:04.6919731+00:00" testType="13cdc9d9-ddb5-4fa4-a97d-d965ccfc6d4b" outcome="Passed" testListId="8c84fa94-04c1-424b-9868-57a2d4851a1d" relativeResultsDirectory="b880572a-2e0e-4038-ab82-393a9ec24ebb">
    </UnitTestResult>
    <UnitTestResult executionId="1b34fe66-b9ec-439d-830d-8c3fecb244c8" testId="7bcd19ef-ff2d-17a1-c799-3ddf15bb07af" testName="CanMapToAccounts_ChangePassword" computerName="MEDOZE" duration="00:00:00.0152913" startTime="2010-12-19T19:24:04.7037519+00:00" endTime="2010-12-19T19:24:04.7540795+00:00" testType="13cdc9d9-ddb5-4fa4-a97d-d965ccfc6d4b" outcome="Passed" testListId="8c84fa94-04c1-424b-9868-57a2d4851a1d" relativeResultsDirectory="1b34fe66-b9ec-439d-830d-8c3fecb244c8">
    </UnitTestResult>
    <UnitTestResult executionId="74b124f1-50a6-4796-9e13-f5495caac879" testId="80755ce1-26b3-cc24-8304-0a1028eb0c45" testName="CanMapToAccounts_LogOff" computerName="MEDOZE" duration="00:00:00.0124999" startTime="2010-12-19T19:24:04.7733539+00:00" endTime="2010-12-19T19:24:04.8086903+00:00" testType="13cdc9d9-ddb5-4fa4-a97d-d965ccfc6d4b" outcome="Passed" testListId="8c84fa94-04c1-424b-9868-57a2d4851a1d" relativeResultsDirectory="74b124f1-50a6-4796-9e13-f5495caac879">
    </UnitTestResult>
    <UnitTestResult executionId="b3e6ad88-e1ea-4320-9cf2-f10519ed8cec" testId="8fbbf3e5-cd4a-ef0e-7f78-0dedacd0ea78" testName="CanMapToItems_Edit" computerName="MEDOZE" duration="00:00:00.0536129" startTime="2010-12-19T19:24:04.8172567+00:00" endTime="2010-12-19T19:24:04.9757351+00:00" testType="13cdc9d9-ddb5-4fa4-a97d-d965ccfc6d4b" outcome="Passed" testListId="8c84fa94-04c1-424b-9868-57a2d4851a1d" relativeResultsDirectory="b3e6ad88-e1ea-4320-9cf2-f10519ed8cec">
    </UnitTestResult>
    <UnitTestResult executionId="72604fd2-bb49-430d-8ad8-564614e1c842" testId="af336df0-1f56-8226-f009-66bd7b440043" testName="CanMapToHome_Index" computerName="MEDOZE" duration="00:00:00.0150480" startTime="2010-12-19T19:24:04.9864431+00:00" endTime="2010-12-19T19:24:05.0303459+00:00" testType="13cdc9d9-ddb5-4fa4-a97d-d965ccfc6d4b" outcome="Passed" testListId="8c84fa94-04c1-424b-9868-57a2d4851a1d" relativeResultsDirectory="72604fd2-bb49-430d-8ad8-564614e1c842">
    </UnitTestResult>
    <UnitTestResult executionId="9cbc6f77-5e59-412c-b441-28a9574e46f5" testId="b52d15b4-5b56-72cc-4111-5824d79f490b" testName="About" computerName="MEDOZE" duration="00:00:00.0063337" startTime="2010-12-19T19:24:05.0517619+00:00" endTime="2010-12-19T19:24:05.0849567+00:00" testType="13cdc9d9-ddb5-4fa4-a97d-d965ccfc6d4b" outcome="Passed" testListId="8c84fa94-04c1-424b-9868-57a2d4851a1d" relativeResultsDirectory="9cbc6f77-5e59-412c-b441-28a9574e46f5">
    </UnitTestResult>
    <UnitTestResult executionId="b4eb6860-9ab5-4355-bc73-a7d3a1554908" testId="bf5d368f-0a39-efe6-3c1a-c97e395f41c4" testName="CanMapToItems_Details" computerName="MEDOZE" duration="00:00:00.0275174" startTime="2010-12-19T19:24:05.0988771+00:00" endTime="2010-12-19T19:24:05.1470631+00:00" testType="13cdc9d9-ddb5-4fa4-a97d-d965ccfc6d4b" outcome="Passed" testListId="8c84fa94-04c1-424b-9868-57a2d4851a1d" relativeResultsDirectory="b4eb6860-9ab5-4355-bc73-a7d3a1554908">
    </UnitTestResult>
    <UnitTestResult executionId="f6aaeb97-9670-4df9-a875-aa4ebc91f801" testId="c54f75ab-f7e6-6644-68eb-e6d40be050c0" testName="CanMapToFriends_Index" computerName="MEDOZE" duration="00:00:00.0131986" startTime="2010-12-19T19:24:05.1556295+00:00" endTime="2010-12-19T19:24:05.1995323+00:00" testType="13cdc9d9-ddb5-4fa4-a97d-d965ccfc6d4b" outcome="Passed" testListId="8c84fa94-04c1-424b-9868-57a2d4851a1d" relativeResultsDirectory="f6aaeb97-9670-4df9-a875-aa4ebc91f801">
    </UnitTestResult>
    <UnitTestResult executionId="fd2c817b-2117-4802-a8d3-7b20467f80f8" testId="e9eaa444-981a-c42b-7b99-5265517c95c7" testName="CanMapToItems_Delete" computerName="MEDOZE" duration="00:00:00.0250336" startTime="2010-12-19T19:24:05.2380811+00:00" endTime="2010-12-19T19:24:05.2884087+00:00" testType="13cdc9d9-ddb5-4fa4-a97d-d965ccfc6d4b" outcome="Passed" testListId="8c84fa94-04c1-424b-9868-57a2d4851a1d" relativeResultsDirectory="fd2c817b-2117-4802-a8d3-7b20467f80f8">
    </UnitTestResult>
    <UnitTestResult executionId="665b1618-20ad-4b24-8a6f-060c73ba643e" testId="f1cded69-73be-c51a-b3c9-a86464daf6ac" testName="CanMapToHome_About" computerName="MEDOZE" duration="00:00:00.0137749" startTime="2010-12-19T19:24:05.2959043+00:00" endTime="2010-12-19T19:24:05.3462319+00:00" testType="13cdc9d9-ddb5-4fa4-a97d-d965ccfc6d4b" outcome="Passed" testListId="8c84fa94-04c1-424b-9868-57a2d4851a1d" relativeResultsDirectory="665b1618-20ad-4b24-8a6f-060c73ba643e">
    </UnitTestResult>
    <UnitTestResult executionId="64e3af1f-fc36-4c43-8f30-d44443c03cb6" testId="fd707946-62aa-cf95-8617-a7c4ee2b589f" testName="LogOn" computerName="MEDOZE" duration="00:00:00.0087935" startTime="2010-12-19T19:24:05.3655063+00:00" endTime="2010-12-19T19:24:05.3901347+00:00" testType="13cdc9d9-ddb5-4fa4-a97d-d965ccfc6d4b" outcome="Passed" testListId="8c84fa94-04c1-424b-9868-57a2d4851a1d" relativeResultsDirectory="64e3af1f-fc36-4c43-8f30-d44443c03cb6">
    </UnitTestResult>
    <UnitTestResult executionId="f9984cff-0eec-4443-801e-466fb5fd07d0" testId="ffb01ede-271b-d092-f374-540ad14a8553" testName="Index" computerName="MEDOZE" duration="00:00:00.0143132" startTime="2010-12-19T19:24:05.4094091+00:00" endTime="2010-12-19T19:24:05.4393915+00:00" testType="13cdc9d9-ddb5-4fa4-a97d-d965ccfc6d4b" outcome="Passed" testListId="8c84fa94-04c1-424b-9868-57a2d4851a1d" relativeResultsDirectory="f9984cff-0eec-4443-801e-466fb5fd07d0">
    </UnitTestResult>
  </Results>
</TestRun>