<?xml version="1.0" encoding="UTF-8"?>
<TestRun id="5e5e383b-c7e1-4b09-b851-8573e5f6b154" name="chuck@MEDOZE 2010-12-19 19:48:57" runUser="medoze\chuck" xmlns="http://microsoft.com/schemas/VisualStudio/TeamTest/2010">
  <TestSettings name="Default Test Settings" id="aa8634ac-6a3b-48ba-8510-6f6de431dd2e">
    <Deployment runDeploymentRoot="chuck_MEDOZE 2010-12-19 19_48_57">
      <DeploymentItem filename="C:\Users\chuck\Desktop\repos\FeedMe\EnterpriseProject\NET40\Moq.dll" />
      <DeploymentItem filename="C:\Users\chuck\Desktop\repos\FeedMe\EnterpriseProject\bin\EnterpriseProject.dll" />
    </Deployment>
    <Execution>
      <TestTypeSpecific />
      <AgentRule name="Execution Agents">
      </AgentRule>
    </Execution>
  </TestSettings>
  <Times creation="2010-12-19T19:48:57.1831420+00:00" queuing="2010-12-19T19:48:58.1971992+00:00" start="2010-12-19T19:48:58.5438260+00:00" finish="2010-12-19T19:49:02.2741194+00:00" />
  <ResultSummary outcome="Completed">
    <Counters total="19" executed="19" passed="19" error="0" failed="0" timeout="0" aborted="0" inconclusive="0" passedButRunAborted="0" notRunnable="0" notExecuted="0" disconnected="0" warning="0" completed="0" inProgress="0" pending="0" />
  </ResultSummary>
  <TestDefinitions>
    <UnitTest name="Index" storage="c:\users\chuck\desktop\repos\feedme\enterpriseproject.tests\bin\debug\enterpriseproject.tests.dll" id="ffb01ede-271b-d092-f374-540ad14a8553">
      <Execution id="15abd93e-5157-4bea-84b0-2f1aadbe23e6" />
      <TestMethod codeBase="C:/Users/chuck/Desktop/repos/FeedMe/EnterpriseProject.Tests/bin/Debug/EnterpriseProject.Tests.DLL" adapterTypeName="Microsoft.VisualStudio.TestTools.TestTypes.Unit.UnitTestAdapter, Microsoft.VisualStudio.QualityTools.Tips.UnitTest.Adapter, Version=10.0.0.0, Culture=neutral, PublicKeyToken=b03f5f7f11d50a3a" className="EnterpriseProject.Tests.Controllers.HomeControllerTest, EnterpriseProject.Tests, Version=1.0.0.0, Culture=neutral, PublicKeyToken=null" name="Index" />
    </UnitTest>
    <UnitTest name="CanMapToItems_Details" storage="c:\users\chuck\desktop\repos\feedme\enterpriseproject.tests\bin\debug\enterpriseproject.tests.dll" id="bf5d368f-0a39-efe6-3c1a-c97e395f41c4">
      <Execution id="9fb855ba-f294-4faa-af22-fd27cf4efbb8" />
      <TestMethod codeBase="C:/Users/chuck/Desktop/repos/FeedMe/EnterpriseProject.Tests/bin/Debug/EnterpriseProject.Tests.DLL" adapterTypeName="Microsoft.VisualStudio.TestTools.TestTypes.Unit.UnitTestAdapter, Microsoft.VisualStudio.QualityTools.Tips.UnitTest.Adapter, Version=10.0.0.0, Culture=neutral, PublicKeyToken=b03f5f7f11d50a3a" className="EnterpriseProject.Tests.Controllers.ControllerRoutingTest, EnterpriseProject.Tests, Version=1.0.0.0, Culture=neutral, PublicKeyToken=null" name="CanMapToItems_Details" />
    </UnitTest>
    <UnitTest name="CanMapToItems_ListMenus" storage="c:\users\chuck\desktop\repos\feedme\enterpriseproject.tests\bin\debug\enterpriseproject.tests.dll" id="3b95ecd8-3904-6c53-ef88-4f2dcec330fd">
      <Execution id="0c1942d1-e96d-4087-ae67-451f2680e163" />
      <TestMethod codeBase="C:/Users/chuck/Desktop/repos/FeedMe/EnterpriseProject.Tests/bin/Debug/EnterpriseProject.Tests.DLL" adapterTypeName="Microsoft.VisualStudio.TestTools.TestTypes.Unit.UnitTestAdapter, Microsoft.VisualStudio.QualityTools.Tips.UnitTest.Adapter, Version=10.0.0.0, Culture=neutral, PublicKeyToken=b03f5f7f11d50a3a" className="EnterpriseProject.Tests.Controllers.ControllerRoutingTest, EnterpriseProject.Tests, Version=1.0.0.0, Culture=neutral, PublicKeyToken=null" name="CanMapToItems_ListMenus" />
    </UnitTest>
    <UnitTest name="CanMapToAccounts_ChangePassword" storage="c:\users\chuck\desktop\repos\feedme\enterpriseproject.tests\bin\debug\enterpriseproject.tests.dll" id="7bcd19ef-ff2d-17a1-c799-3ddf15bb07af">
      <Execution id="214763ec-a051-41e0-9f50-d8467d895e82" />
      <TestMethod codeBase="C:/Users/chuck/Desktop/repos/FeedMe/EnterpriseProject.Tests/bin/Debug/EnterpriseProject.Tests.DLL" adapterTypeName="Microsoft.VisualStudio.TestTools.TestTypes.Unit.UnitTestAdapter, Microsoft.VisualStudio.QualityTools.Tips.UnitTest.Adapter, Version=10.0.0.0, Culture=neutral, PublicKeyToken=b03f5f7f11d50a3a" className="EnterpriseProject.Tests.Controllers.ControllerRoutingTest, EnterpriseProject.Tests, Version=1.0.0.0, Culture=neutral, PublicKeyToken=null" name="CanMapToAccounts_ChangePassword" />
    </UnitTest>
    <UnitTest name="CanMapToAccounts_Register" storage="c:\users\chuck\desktop\repos\feedme\enterpriseproject.tests\bin\debug\enterpriseproject.tests.dll" id="08800c93-4285-307c-1375-d90af60690bb">
      <Execution id="a0d74b40-cede-4100-95dd-468023ad487a" />
      <TestMethod codeBase="C:/Users/chuck/Desktop/repos/FeedMe/EnterpriseProject.Tests/bin/Debug/EnterpriseProject.Tests.DLL" adapterTypeName="Microsoft.VisualStudio.TestTools.TestTypes.Unit.UnitTestAdapter, Microsoft.VisualStudio.QualityTools.Tips.UnitTest.Adapter, Version=10.0.0.0, Culture=neutral, PublicKeyToken=b03f5f7f11d50a3a" className="EnterpriseProject.Tests.Controllers.ControllerRoutingTest, EnterpriseProject.Tests, Version=1.0.0.0, Culture=neutral, PublicKeyToken=null" name="CanMapToAccounts_Register" />
    </UnitTest>
    <UnitTest name="CanMapToAccounts_ChangePasswordSuccess" storage="c:\users\chuck\desktop\repos\feedme\enterpriseproject.tests\bin\debug\enterpriseproject.tests.dll" id="00ce9a54-4746-e156-d706-7ff260c23010">
      <Execution id="a0760381-4214-4a6b-a474-a2e4f558be59" />
      <TestMethod codeBase="C:/Users/chuck/Desktop/repos/FeedMe/EnterpriseProject.Tests/bin/Debug/EnterpriseProject.Tests.DLL" adapterTypeName="Microsoft.VisualStudio.TestTools.TestTypes.Unit.UnitTestAdapter, Microsoft.VisualStudio.QualityTools.Tips.UnitTest.Adapter, Version=10.0.0.0, Culture=neutral, PublicKeyToken=b03f5f7f11d50a3a" className="EnterpriseProject.Tests.Controllers.ControllerRoutingTest, EnterpriseProject.Tests, Version=1.0.0.0, Culture=neutral, PublicKeyToken=null" name="CanMapToAccounts_ChangePasswordSuccess" />
    </UnitTest>
    <UnitTest name="CanMapToItems_Edit" storage="c:\users\chuck\desktop\repos\feedme\enterpriseproject.tests\bin\debug\enterpriseproject.tests.dll" id="8fbbf3e5-cd4a-ef0e-7f78-0dedacd0ea78">
      <Execution id="f38bfe46-7909-4f51-8880-9a2df978bb06" />
      <TestMethod codeBase="C:/Users/chuck/Desktop/repos/FeedMe/EnterpriseProject.Tests/bin/Debug/EnterpriseProject.Tests.DLL" adapterTypeName="Microsoft.VisualStudio.TestTools.TestTypes.Unit.UnitTestAdapter, Microsoft.VisualStudio.QualityTools.Tips.UnitTest.Adapter, Version=10.0.0.0, Culture=neutral, PublicKeyToken=b03f5f7f11d50a3a" className="EnterpriseProject.Tests.Controllers.ControllerRoutingTest, EnterpriseProject.Tests, Version=1.0.0.0, Culture=neutral, PublicKeyToken=null" name="CanMapToItems_Edit" />
    </UnitTest>
    <UnitTest name="CanMapToItems_Delete" storage="c:\users\chuck\desktop\repos\feedme\enterpriseproject.tests\bin\debug\enterpriseproject.tests.dll" id="e9eaa444-981a-c42b-7b99-5265517c95c7">
      <Execution id="3dd00746-ae3d-4151-834d-a8ad699a56c6" />
      <TestMethod codeBase="C:/Users/chuck/Desktop/repos/FeedMe/EnterpriseProject.Tests/bin/Debug/EnterpriseProject.Tests.DLL" adapterTypeName="Microsoft.VisualStudio.TestTools.TestTypes.Unit.UnitTestAdapter, Microsoft.VisualStudio.QualityTools.Tips.UnitTest.Adapter, Version=10.0.0.0, Culture=neutral, PublicKeyToken=b03f5f7f11d50a3a" className="EnterpriseProject.Tests.Controllers.ControllerRoutingTest, EnterpriseProject.Tests, Version=1.0.0.0, Culture=neutral, PublicKeyToken=null" name="CanMapToItems_Delete" />
    </UnitTest>
    <UnitTest name="CanMapToAccounts_LogOn" storage="c:\users\chuck\desktop\repos\feedme\enterpriseproject.tests\bin\debug\enterpriseproject.tests.dll" id="07a472ee-5d51-7c25-c2fe-0a30f9d5d3fd">
      <Execution id="1a8924c7-33fa-4dcf-9abd-aef3f433cd4f" />
      <TestMethod codeBase="C:/Users/chuck/Desktop/repos/FeedMe/EnterpriseProject.Tests/bin/Debug/EnterpriseProject.Tests.DLL" adapterTypeName="Microsoft.VisualStudio.TestTools.TestTypes.Unit.UnitTestAdapter, Microsoft.VisualStudio.QualityTools.Tips.UnitTest.Adapter, Version=10.0.0.0, Culture=neutral, PublicKeyToken=b03f5f7f11d50a3a" className="EnterpriseProject.Tests.Controllers.ControllerRoutingTest, EnterpriseProject.Tests, Version=1.0.0.0, Culture=neutral, PublicKeyToken=null" name="CanMapToAccounts_LogOn" />
    </UnitTest>
    <UnitTest name="CanMapToHome_Index" storage="c:\users\chuck\desktop\repos\feedme\enterpriseproject.tests\bin\debug\enterpriseproject.tests.dll" id="af336df0-1f56-8226-f009-66bd7b440043">
      <Execution id="24ac2f19-4905-4367-9653-8cae63543638" />
      <TestMethod codeBase="C:/Users/chuck/Desktop/repos/FeedMe/EnterpriseProject.Tests/bin/Debug/EnterpriseProject.Tests.DLL" adapterTypeName="Microsoft.VisualStudio.TestTools.TestTypes.Unit.UnitTestAdapter, Microsoft.VisualStudio.QualityTools.Tips.UnitTest.Adapter, Version=10.0.0.0, Culture=neutral, PublicKeyToken=b03f5f7f11d50a3a" className="EnterpriseProject.Tests.Controllers.ControllerRoutingTest, EnterpriseProject.Tests, Version=1.0.0.0, Culture=neutral, PublicKeyToken=null" name="CanMapToHome_Index" />
    </UnitTest>
    <UnitTest name="CanMapToAccounts_LogOff" storage="c:\users\chuck\desktop\repos\feedme\enterpriseproject.tests\bin\debug\enterpriseproject.tests.dll" id="80755ce1-26b3-cc24-8304-0a1028eb0c45">
      <Execution id="2a9d173f-6613-4655-a261-dca390f6ec97" />
      <TestMethod codeBase="C:/Users/chuck/Desktop/repos/FeedMe/EnterpriseProject.Tests/bin/Debug/EnterpriseProject.Tests.DLL" adapterTypeName="Microsoft.VisualStudio.TestTools.TestTypes.Unit.UnitTestAdapter, Microsoft.VisualStudio.QualityTools.Tips.UnitTest.Adapter, Version=10.0.0.0, Culture=neutral, PublicKeyToken=b03f5f7f11d50a3a" className="EnterpriseProject.Tests.Controllers.ControllerRoutingTest, EnterpriseProject.Tests, Version=1.0.0.0, Culture=neutral, PublicKeyToken=null" name="CanMapToAccounts_LogOff" />
    </UnitTest>
    <UnitTest name="CanMapToHome_About" storage="c:\users\chuck\desktop\repos\feedme\enterpriseproject.tests\bin\debug\enterpriseproject.tests.dll" id="f1cded69-73be-c51a-b3c9-a86464daf6ac">
      <Execution id="5899395d-7047-4304-bc0b-223c4c580252" />
      <TestMethod codeBase="C:/Users/chuck/Desktop/repos/FeedMe/EnterpriseProject.Tests/bin/Debug/EnterpriseProject.Tests.DLL" adapterTypeName="Microsoft.VisualStudio.TestTools.TestTypes.Unit.UnitTestAdapter, Microsoft.VisualStudio.QualityTools.Tips.UnitTest.Adapter, Version=10.0.0.0, Culture=neutral, PublicKeyToken=b03f5f7f11d50a3a" className="EnterpriseProject.Tests.Controllers.ControllerRoutingTest, EnterpriseProject.Tests, Version=1.0.0.0, Culture=neutral, PublicKeyToken=null" name="CanMapToHome_About" />
    </UnitTest>
    <UnitTest name="CanMapToFriends_Show" storage="c:\users\chuck\desktop\repos\feedme\enterpriseproject.tests\bin\debug\enterpriseproject.tests.dll" id="24a88fba-68a9-d2ce-9fc6-d9cd3fc5261a">
      <Execution id="7dfeb25e-cd41-4a56-805d-dfd66131c204" />
      <TestMethod codeBase="C:/Users/chuck/Desktop/repos/FeedMe/EnterpriseProject.Tests/bin/Debug/EnterpriseProject.Tests.DLL" adapterTypeName="Microsoft.VisualStudio.TestTools.TestTypes.Unit.UnitTestAdapter, Microsoft.VisualStudio.QualityTools.Tips.UnitTest.Adapter, Version=10.0.0.0, Culture=neutral, PublicKeyToken=b03f5f7f11d50a3a" className="EnterpriseProject.Tests.Controllers.ControllerRoutingTest, EnterpriseProject.Tests, Version=1.0.0.0, Culture=neutral, PublicKeyToken=null" name="CanMapToFriends_Show" />
    </UnitTest>
    <UnitTest name="CanMapToMenus_Index" storage="c:\users\chuck\desktop\repos\feedme\enterpriseproject.tests\bin\debug\enterpriseproject.tests.dll" id="eeb81a2a-6753-5288-0068-10e65bbc89fa">
      <Execution id="c386704b-5bbc-457f-ba54-9d2135416bfe" />
      <TestMethod codeBase="C:/Users/chuck/Desktop/repos/FeedMe/EnterpriseProject.Tests/bin/Debug/EnterpriseProject.Tests.DLL" adapterTypeName="Microsoft.VisualStudio.TestTools.TestTypes.Unit.UnitTestAdapter, Microsoft.VisualStudio.QualityTools.Tips.UnitTest.Adapter, Version=10.0.0.0, Culture=neutral, PublicKeyToken=b03f5f7f11d50a3a" className="EnterpriseProject.Tests.Controllers.ControllerRoutingTest, EnterpriseProject.Tests, Version=1.0.0.0, Culture=neutral, PublicKeyToken=null" name="CanMapToMenus_Index" />
    </UnitTest>
    <UnitTest name="CanMapToItems_Index" storage="c:\users\chuck\desktop\repos\feedme\enterpriseproject.tests\bin\debug\enterpriseproject.tests.dll" id="098b2a1a-11ab-a6aa-e5e7-e809ed10fbd0">
      <Execution id="0ac53550-ab07-41fe-88fa-5318d73e8aeb" />
      <TestMethod codeBase="C:/Users/chuck/Desktop/repos/FeedMe/EnterpriseProject.Tests/bin/Debug/EnterpriseProject.Tests.DLL" adapterTypeName="Microsoft.VisualStudio.TestTools.TestTypes.Unit.UnitTestAdapter, Microsoft.VisualStudio.QualityTools.Tips.UnitTest.Adapter, Version=10.0.0.0, Culture=neutral, PublicKeyToken=b03f5f7f11d50a3a" className="EnterpriseProject.Tests.Controllers.ControllerRoutingTest, EnterpriseProject.Tests, Version=1.0.0.0, Culture=neutral, PublicKeyToken=null" name="CanMapToItems_Index" />
    </UnitTest>
    <UnitTest name="About" storage="c:\users\chuck\desktop\repos\feedme\enterpriseproject.tests\bin\debug\enterpriseproject.tests.dll" id="b52d15b4-5b56-72cc-4111-5824d79f490b">
      <Execution id="ac732458-68e6-4a38-b2c4-d4b0e1166656" />
      <TestMethod codeBase="C:/Users/chuck/Desktop/repos/FeedMe/EnterpriseProject.Tests/bin/Debug/EnterpriseProject.Tests.DLL" adapterTypeName="Microsoft.VisualStudio.TestTools.TestTypes.Unit.UnitTestAdapter, Microsoft.VisualStudio.QualityTools.Tips.UnitTest.Adapter, Version=10.0.0.0, Culture=neutral, PublicKeyToken=b03f5f7f11d50a3a" className="EnterpriseProject.Tests.Controllers.HomeControllerTest, EnterpriseProject.Tests, Version=1.0.0.0, Culture=neutral, PublicKeyToken=null" name="About" />
    </UnitTest>
    <UnitTest name="CanMapToItems_Create" storage="c:\users\chuck\desktop\repos\feedme\enterpriseproject.tests\bin\debug\enterpriseproject.tests.dll" id="23842cb9-3b8c-e1e3-a514-81d6053cc6b9">
      <Execution id="014a4c08-c11c-478b-b631-a46cd4ce25fd" />
      <TestMethod codeBase="C:/Users/chuck/Desktop/repos/FeedMe/EnterpriseProject.Tests/bin/Debug/EnterpriseProject.Tests.DLL" adapterTypeName="Microsoft.VisualStudio.TestTools.TestTypes.Unit.UnitTestAdapter, Microsoft.VisualStudio.QualityTools.Tips.UnitTest.Adapter, Version=10.0.0.0, Culture=neutral, PublicKeyToken=b03f5f7f11d50a3a" className="EnterpriseProject.Tests.Controllers.ControllerRoutingTest, EnterpriseProject.Tests, Version=1.0.0.0, Culture=neutral, PublicKeyToken=null" name="CanMapToItems_Create" />
    </UnitTest>
    <UnitTest name="CanMapToFriends_Index" storage="c:\users\chuck\desktop\repos\feedme\enterpriseproject.tests\bin\debug\enterpriseproject.tests.dll" id="c54f75ab-f7e6-6644-68eb-e6d40be050c0">
      <Execution id="795ff03b-6802-429a-a3fe-d494e46eee51" />
      <TestMethod codeBase="C:/Users/chuck/Desktop/repos/FeedMe/EnterpriseProject.Tests/bin/Debug/EnterpriseProject.Tests.DLL" adapterTypeName="Microsoft.VisualStudio.TestTools.TestTypes.Unit.UnitTestAdapter, Microsoft.VisualStudio.QualityTools.Tips.UnitTest.Adapter, Version=10.0.0.0, Culture=neutral, PublicKeyToken=b03f5f7f11d50a3a" className="EnterpriseProject.Tests.Controllers.ControllerRoutingTest, EnterpriseProject.Tests, Version=1.0.0.0, Culture=neutral, PublicKeyToken=null" name="CanMapToFriends_Index" />
    </UnitTest>
    <UnitTest name="CanMapToMenus_List" storage="c:\users\chuck\desktop\repos\feedme\enterpriseproject.tests\bin\debug\enterpriseproject.tests.dll" id="8f37c71c-9b97-47bc-ad24-a45b092396b3">
      <Execution id="9d86f30b-3e99-4411-9a13-c811d5f73562" />
      <TestMethod codeBase="C:/Users/chuck/Desktop/repos/FeedMe/EnterpriseProject.Tests/bin/Debug/EnterpriseProject.Tests.DLL" adapterTypeName="Microsoft.VisualStudio.TestTools.TestTypes.Unit.UnitTestAdapter, Microsoft.VisualStudio.QualityTools.Tips.UnitTest.Adapter, Version=10.0.0.0, Culture=neutral, PublicKeyToken=b03f5f7f11d50a3a" className="EnterpriseProject.Tests.Controllers.ControllerRoutingTest, EnterpriseProject.Tests, Version=1.0.0.0, Culture=neutral, PublicKeyToken=null" name="CanMapToMenus_List" />
    </UnitTest>
  </TestDefinitions>
  <TestLists>
    <TestList name="Results Not in a List" id="8c84fa94-04c1-424b-9868-57a2d4851a1d" />
    <TestList name="All Loaded Results" id="19431567-8539-422a-85d7-44ee4e166bda" />
  </TestLists>
  <TestEntries>
    <TestEntry testId="00ce9a54-4746-e156-d706-7ff260c23010" executionId="a0760381-4214-4a6b-a474-a2e4f558be59" testListId="8c84fa94-04c1-424b-9868-57a2d4851a1d" />
    <TestEntry testId="07a472ee-5d51-7c25-c2fe-0a30f9d5d3fd" executionId="1a8924c7-33fa-4dcf-9abd-aef3f433cd4f" testListId="8c84fa94-04c1-424b-9868-57a2d4851a1d" />
    <TestEntry testId="08800c93-4285-307c-1375-d90af60690bb" executionId="a0d74b40-cede-4100-95dd-468023ad487a" testListId="8c84fa94-04c1-424b-9868-57a2d4851a1d" />
    <TestEntry testId="098b2a1a-11ab-a6aa-e5e7-e809ed10fbd0" executionId="0ac53550-ab07-41fe-88fa-5318d73e8aeb" testListId="8c84fa94-04c1-424b-9868-57a2d4851a1d" />
    <TestEntry testId="23842cb9-3b8c-e1e3-a514-81d6053cc6b9" executionId="014a4c08-c11c-478b-b631-a46cd4ce25fd" testListId="8c84fa94-04c1-424b-9868-57a2d4851a1d" />
    <TestEntry testId="24a88fba-68a9-d2ce-9fc6-d9cd3fc5261a" executionId="7dfeb25e-cd41-4a56-805d-dfd66131c204" testListId="8c84fa94-04c1-424b-9868-57a2d4851a1d" />
    <TestEntry testId="3b95ecd8-3904-6c53-ef88-4f2dcec330fd" executionId="0c1942d1-e96d-4087-ae67-451f2680e163" testListId="8c84fa94-04c1-424b-9868-57a2d4851a1d" />
    <TestEntry testId="7bcd19ef-ff2d-17a1-c799-3ddf15bb07af" executionId="214763ec-a051-41e0-9f50-d8467d895e82" testListId="8c84fa94-04c1-424b-9868-57a2d4851a1d" />
    <TestEntry testId="80755ce1-26b3-cc24-8304-0a1028eb0c45" executionId="2a9d173f-6613-4655-a261-dca390f6ec97" testListId="8c84fa94-04c1-424b-9868-57a2d4851a1d" />
    <TestEntry testId="8f37c71c-9b97-47bc-ad24-a45b092396b3" executionId="9d86f30b-3e99-4411-9a13-c811d5f73562" testListId="8c84fa94-04c1-424b-9868-57a2d4851a1d" />
    <TestEntry testId="8fbbf3e5-cd4a-ef0e-7f78-0dedacd0ea78" executionId="f38bfe46-7909-4f51-8880-9a2df978bb06" testListId="8c84fa94-04c1-424b-9868-57a2d4851a1d" />
    <TestEntry testId="af336df0-1f56-8226-f009-66bd7b440043" executionId="24ac2f19-4905-4367-9653-8cae63543638" testListId="8c84fa94-04c1-424b-9868-57a2d4851a1d" />
    <TestEntry testId="b52d15b4-5b56-72cc-4111-5824d79f490b" executionId="ac732458-68e6-4a38-b2c4-d4b0e1166656" testListId="8c84fa94-04c1-424b-9868-57a2d4851a1d" />
    <TestEntry testId="bf5d368f-0a39-efe6-3c1a-c97e395f41c4" executionId="9fb855ba-f294-4faa-af22-fd27cf4efbb8" testListId="8c84fa94-04c1-424b-9868-57a2d4851a1d" />
    <TestEntry testId="c54f75ab-f7e6-6644-68eb-e6d40be050c0" executionId="795ff03b-6802-429a-a3fe-d494e46eee51" testListId="8c84fa94-04c1-424b-9868-57a2d4851a1d" />
    <TestEntry testId="e9eaa444-981a-c42b-7b99-5265517c95c7" executionId="3dd00746-ae3d-4151-834d-a8ad699a56c6" testListId="8c84fa94-04c1-424b-9868-57a2d4851a1d" />
    <TestEntry testId="eeb81a2a-6753-5288-0068-10e65bbc89fa" executionId="c386704b-5bbc-457f-ba54-9d2135416bfe" testListId="8c84fa94-04c1-424b-9868-57a2d4851a1d" />
    <TestEntry testId="f1cded69-73be-c51a-b3c9-a86464daf6ac" executionId="5899395d-7047-4304-bc0b-223c4c580252" testListId="8c84fa94-04c1-424b-9868-57a2d4851a1d" />
    <TestEntry testId="ffb01ede-271b-d092-f374-540ad14a8553" executionId="15abd93e-5157-4bea-84b0-2f1aadbe23e6" testListId="8c84fa94-04c1-424b-9868-57a2d4851a1d" />
  </TestEntries>
  <Results>
    <UnitTestResult executionId="a0760381-4214-4a6b-a474-a2e4f558be59" testId="00ce9a54-4746-e156-d706-7ff260c23010" testName="CanMapToAccounts_ChangePasswordSuccess" computerName="MEDOZE" duration="00:00:00.9133054" startTime="2010-12-19T19:48:58.5527648+00:00" endTime="2010-12-19T19:49:00.4944708+00:00" testType="13cdc9d9-ddb5-4fa4-a97d-d965ccfc6d4b" outcome="Passed" testListId="8c84fa94-04c1-424b-9868-57a2d4851a1d" relativeResultsDirectory="a0760381-4214-4a6b-a474-a2e4f558be59">
    </UnitTestResult>
    <UnitTestResult executionId="1a8924c7-33fa-4dcf-9abd-aef3f433cd4f" testId="07a472ee-5d51-7c25-c2fe-0a30f9d5d3fd" testName="CanMapToAccounts_LogOn" computerName="MEDOZE" duration="00:00:00.0170544" startTime="2010-12-19T19:49:00.5133416+00:00" endTime="2010-12-19T19:49:00.5649880+00:00" testType="13cdc9d9-ddb5-4fa4-a97d-d965ccfc6d4b" outcome="Passed" testListId="8c84fa94-04c1-424b-9868-57a2d4851a1d" relativeResultsDirectory="1a8924c7-33fa-4dcf-9abd-aef3f433cd4f">
    </UnitTestResult>
    <UnitTestResult executionId="a0d74b40-cede-4100-95dd-468023ad487a" testId="08800c93-4285-307c-1375-d90af60690bb" testName="CanMapToAccounts_Register" computerName="MEDOZE" duration="00:00:00.0326541" startTime="2010-12-19T19:49:00.5749200+00:00" endTime="2010-12-19T19:49:00.6434508+00:00" testType="13cdc9d9-ddb5-4fa4-a97d-d965ccfc6d4b" outcome="Passed" testListId="8c84fa94-04c1-424b-9868-57a2d4851a1d" relativeResultsDirectory="a0d74b40-cede-4100-95dd-468023ad487a">
    </UnitTestResult>
    <UnitTestResult executionId="0ac53550-ab07-41fe-88fa-5318d73e8aeb" testId="098b2a1a-11ab-a6aa-e5e7-e809ed10fbd0" testName="CanMapToItems_Index" computerName="MEDOZE" duration="00:00:00.0389990" startTime="2010-12-19T19:49:00.8043492+00:00" endTime="2010-12-19T19:49:00.9386328+00:00" testType="13cdc9d9-ddb5-4fa4-a97d-d965ccfc6d4b" outcome="Passed" testListId="8c84fa94-04c1-424b-9868-57a2d4851a1d" relativeResultsDirectory="0ac53550-ab07-41fe-88fa-5318d73e8aeb">
    </UnitTestResult>
    <UnitTestResult executionId="014a4c08-c11c-478b-b631-a46cd4ce25fd" testId="23842cb9-3b8c-e1e3-a514-81d6053cc6b9" testName="CanMapToItems_Create" computerName="MEDOZE" duration="00:00:00.0220438" startTime="2010-12-19T19:49:00.9484657+00:00" endTime="2010-12-19T19:49:00.9833278+00:00" testType="13cdc9d9-ddb5-4fa4-a97d-d965ccfc6d4b" outcome="Passed" testListId="8c84fa94-04c1-424b-9868-57a2d4851a1d" relativeResultsDirectory="014a4c08-c11c-478b-b631-a46cd4ce25fd">
    </UnitTestResult>
    <UnitTestResult executionId="7dfeb25e-cd41-4a56-805d-dfd66131c204" testId="24a88fba-68a9-d2ce-9fc6-d9cd3fc5261a" testName="CanMapToFriends_Show" computerName="MEDOZE" duration="00:00:00.0161168" startTime="2010-12-19T19:49:00.9895851+00:00" endTime="2010-12-19T19:49:01.0289167+00:00" testType="13cdc9d9-ddb5-4fa4-a97d-d965ccfc6d4b" outcome="Passed" testListId="8c84fa94-04c1-424b-9868-57a2d4851a1d" relativeResultsDirectory="7dfeb25e-cd41-4a56-805d-dfd66131c204">
    </UnitTestResult>
    <UnitTestResult executionId="0c1942d1-e96d-4087-ae67-451f2680e163" testId="3b95ecd8-3904-6c53-ef88-4f2dcec330fd" testName="CanMapToItems_ListMenus" computerName="MEDOZE" duration="00:00:00.0179704" startTime="2010-12-19T19:49:01.0432191+00:00" endTime="2010-12-19T19:49:01.0762934+00:00" testType="13cdc9d9-ddb5-4fa4-a97d-d965ccfc6d4b" outcome="Passed" testListId="8c84fa94-04c1-424b-9868-57a2d4851a1d" relativeResultsDirectory="0c1942d1-e96d-4087-ae67-451f2680e163">
    </UnitTestResult>
    <UnitTestResult executionId="214763ec-a051-41e0-9f50-d8467d895e82" testId="7bcd19ef-ff2d-17a1-c799-3ddf15bb07af" testName="CanMapToAccounts_ChangePassword" computerName="MEDOZE" duration="00:00:00.0173172" startTime="2010-12-19T19:49:01.0941714+00:00" endTime="2010-12-19T19:49:01.1290335+00:00" testType="13cdc9d9-ddb5-4fa4-a97d-d965ccfc6d4b" outcome="Passed" testListId="8c84fa94-04c1-424b-9868-57a2d4851a1d" relativeResultsDirectory="214763ec-a051-41e0-9f50-d8467d895e82">
    </UnitTestResult>
    <UnitTestResult executionId="2a9d173f-6613-4655-a261-dca390f6ec97" testId="80755ce1-26b3-cc24-8304-0a1028eb0c45" testName="CanMapToAccounts_LogOff" computerName="MEDOZE" duration="00:00:00.1331931" startTime="2010-12-19T19:49:01.1746224+00:00" endTime="2010-12-19T19:49:01.3096013+00:00" testType="13cdc9d9-ddb5-4fa4-a97d-d965ccfc6d4b" outcome="Passed" testListId="8c84fa94-04c1-424b-9868-57a2d4851a1d" relativeResultsDirectory="2a9d173f-6613-4655-a261-dca390f6ec97">
    </UnitTestResult>
    <UnitTestResult executionId="9d86f30b-3e99-4411-9a13-c811d5f73562" testId="8f37c71c-9b97-47bc-ad24-a45b092396b3" testName="CanMapToMenus_List" computerName="MEDOZE" duration="00:00:00.0130416" startTime="2010-12-19T19:49:01.3158586+00:00" endTime="2010-12-19T19:49:01.3480390+00:00" testType="13cdc9d9-ddb5-4fa4-a97d-d965ccfc6d4b" outcome="Passed" testListId="8c84fa94-04c1-424b-9868-57a2d4851a1d" relativeResultsDirectory="9d86f30b-3e99-4411-9a13-c811d5f73562">
    </UnitTestResult>
    <UnitTestResult executionId="f38bfe46-7909-4f51-8880-9a2df978bb06" testId="8fbbf3e5-cd4a-ef0e-7f78-0dedacd0ea78" testName="CanMapToItems_Edit" computerName="MEDOZE" duration="00:00:00.0172141" startTime="2010-12-19T19:49:01.3614475+00:00" endTime="2010-12-19T19:49:01.3900523+00:00" testType="13cdc9d9-ddb5-4fa4-a97d-d965ccfc6d4b" outcome="Passed" testListId="8c84fa94-04c1-424b-9868-57a2d4851a1d" relativeResultsDirectory="f38bfe46-7909-4f51-8880-9a2df978bb06">
    </UnitTestResult>
    <UnitTestResult executionId="24ac2f19-4905-4367-9653-8cae63543638" testId="af336df0-1f56-8226-f009-66bd7b440043" testName="CanMapToHome_Index" computerName="MEDOZE" duration="00:00:00.0109670" startTime="2010-12-19T19:49:01.4025669+00:00" endTime="2010-12-19T19:49:01.4284900+00:00" testType="13cdc9d9-ddb5-4fa4-a97d-d965ccfc6d4b" outcome="Passed" testListId="8c84fa94-04c1-424b-9868-57a2d4851a1d" relativeResultsDirectory="24ac2f19-4905-4367-9653-8cae63543638">
    </UnitTestResult>
    <UnitTestResult executionId="ac732458-68e6-4a38-b2c4-d4b0e1166656" testId="b52d15b4-5b56-72cc-4111-5824d79f490b" testName="About" computerName="MEDOZE" duration="00:00:00.0129904" startTime="2010-12-19T19:49:01.4347473+00:00" endTime="2010-12-19T19:49:01.4579887+00:00" testType="13cdc9d9-ddb5-4fa4-a97d-d965ccfc6d4b" outcome="Passed" testListId="8c84fa94-04c1-424b-9868-57a2d4851a1d" relativeResultsDirectory="ac732458-68e6-4a38-b2c4-d4b0e1166656">
    </UnitTestResult>
    <UnitTestResult executionId="9fb855ba-f294-4faa-af22-fd27cf4efbb8" testId="bf5d368f-0a39-efe6-3c1a-c97e395f41c4" testName="CanMapToItems_Details" computerName="MEDOZE" duration="00:00:00.0140448" startTime="2010-12-19T19:49:01.4651399+00:00" endTime="2010-12-19T19:49:01.4955325+00:00" testType="13cdc9d9-ddb5-4fa4-a97d-d965ccfc6d4b" outcome="Passed" testListId="8c84fa94-04c1-424b-9868-57a2d4851a1d" relativeResultsDirectory="9fb855ba-f294-4faa-af22-fd27cf4efbb8">
    </UnitTestResult>
    <UnitTestResult executionId="795ff03b-6802-429a-a3fe-d494e46eee51" testId="c54f75ab-f7e6-6644-68eb-e6d40be050c0" testName="CanMapToFriends_Index" computerName="MEDOZE" duration="00:00:00.0296738" startTime="2010-12-19T19:49:01.5062593+00:00" endTime="2010-12-19T19:49:01.5634689+00:00" testType="13cdc9d9-ddb5-4fa4-a97d-d965ccfc6d4b" outcome="Passed" testListId="8c84fa94-04c1-424b-9868-57a2d4851a1d" relativeResultsDirectory="795ff03b-6802-429a-a3fe-d494e46eee51">
    </UnitTestResult>
    <UnitTestResult executionId="3dd00746-ae3d-4151-834d-a8ad699a56c6" testId="e9eaa444-981a-c42b-7b99-5265517c95c7" testName="CanMapToItems_Delete" computerName="MEDOZE" duration="00:00:00.0165928" startTime="2010-12-19T19:49:01.5750896+00:00" endTime="2010-12-19T19:49:01.6045883+00:00" testType="13cdc9d9-ddb5-4fa4-a97d-d965ccfc6d4b" outcome="Passed" testListId="8c84fa94-04c1-424b-9868-57a2d4851a1d" relativeResultsDirectory="3dd00746-ae3d-4151-834d-a8ad699a56c6">
    </UnitTestResult>
    <UnitTestResult executionId="c386704b-5bbc-457f-ba54-9d2135416bfe" testId="eeb81a2a-6753-5288-0068-10e65bbc89fa" testName="CanMapToMenus_Index" computerName="MEDOZE" duration="00:00:00.0190608" startTime="2010-12-19T19:49:01.6215724+00:00" endTime="2010-12-19T19:49:01.6510711+00:00" testType="13cdc9d9-ddb5-4fa4-a97d-d965ccfc6d4b" outcome="Passed" testListId="8c84fa94-04c1-424b-9868-57a2d4851a1d" relativeResultsDirectory="c386704b-5bbc-457f-ba54-9d2135416bfe">
    </UnitTestResult>
    <UnitTestResult executionId="5899395d-7047-4304-bc0b-223c4c580252" testId="f1cded69-73be-c51a-b3c9-a86464daf6ac" testName="CanMapToHome_About" computerName="MEDOZE" duration="00:00:00.0166937" startTime="2010-12-19T19:49:01.6644796+00:00" endTime="2010-12-19T19:49:01.6921905+00:00" testType="13cdc9d9-ddb5-4fa4-a97d-d965ccfc6d4b" outcome="Passed" testListId="8c84fa94-04c1-424b-9868-57a2d4851a1d" relativeResultsDirectory="5899395d-7047-4304-bc0b-223c4c580252">
    </UnitTestResult>
    <UnitTestResult executionId="15abd93e-5157-4bea-84b0-2f1aadbe23e6" testId="ffb01ede-271b-d092-f374-540ad14a8553" testName="Index" computerName="MEDOZE" duration="00:00:00.0095297" startTime="2010-12-19T19:49:01.7020234+00:00" endTime="2010-12-19T19:49:01.7547635+00:00" testType="13cdc9d9-ddb5-4fa4-a97d-d965ccfc6d4b" outcome="Passed" testListId="8c84fa94-04c1-424b-9868-57a2d4851a1d" relativeResultsDirectory="15abd93e-5157-4bea-84b0-2f1aadbe23e6">
    </UnitTestResult>
  </Results>
</TestRun>