<?xml version="1.0" encoding="UTF-8"?>
<TestRun id="2b3c82df-e260-4f68-85dc-235f59189728" name="Jonathan@GROTZART 2010-11-22 12:32:01" runUser="Grotzart\Jonathan" xmlns="http://microsoft.com/schemas/VisualStudio/TeamTest/2010">
  <TestSettings name="Default Test Settings" id="37eb0980-5e49-490b-b46d-1f0b8e05db53">
    <Deployment runDeploymentRoot="Jonathan_GROTZART 2010-11-22 12_32_01">
      <DeploymentItem filename="C:\Users\Jonathan\documents\visual studio 2010\Projects\EnterpriseProject\EnterpriseProject\bin\EnterpriseProject.dll" />
    </Deployment>
    <Execution>
      <TestTypeSpecific />
      <AgentRule name="Execution Agents">
      </AgentRule>
    </Execution>
  </TestSettings>
  <Times creation="2010-11-22T12:32:01.7488000+00:00" queuing="2010-11-22T12:32:03.7738000+00:00" start="2010-11-22T12:32:03.9968000+00:00" finish="2010-11-22T12:32:04.8778000+00:00" />
  <ResultSummary outcome="Completed">
    <Counters total="2" executed="2" passed="2" error="0" failed="0" timeout="0" aborted="0" inconclusive="0" passedButRunAborted="0" notRunnable="0" notExecuted="0" disconnected="0" warning="0" completed="0" inProgress="0" pending="0" />
  </ResultSummary>
  <TestDefinitions>
    <UnitTest name="About" storage="c:\users\jonathan\documents\visual studio 2010\projects\enterpriseproject\enterpriseproject.tests\bin\debug\enterpriseproject.tests.dll" id="b52d15b4-5b56-72cc-4111-5824d79f490b">
      <Execution id="702e528c-486d-4040-8bcf-3786df705e6b" />
      <TestMethod codeBase="C:/Users/Jonathan/documents/visual studio 2010/Projects/EnterpriseProject/EnterpriseProject.Tests/bin/Debug/EnterpriseProject.Tests.DLL" adapterTypeName="Microsoft.VisualStudio.TestTools.TestTypes.Unit.UnitTestAdapter, Microsoft.VisualStudio.QualityTools.Tips.UnitTest.Adapter, Version=10.0.0.0, Culture=neutral, PublicKeyToken=b03f5f7f11d50a3a" className="EnterpriseProject.Tests.Controllers.HomeControllerTest, EnterpriseProject.Tests, Version=1.0.0.0, Culture=neutral, PublicKeyToken=null" name="About" />
    </UnitTest>
    <UnitTest name="Index" storage="c:\users\jonathan\documents\visual studio 2010\projects\enterpriseproject\enterpriseproject.tests\bin\debug\enterpriseproject.tests.dll" id="ffb01ede-271b-d092-f374-540ad14a8553">
      <Execution id="cd7e8719-652e-4dc3-a360-b95f8282a501" />
      <TestMethod codeBase="C:/Users/Jonathan/documents/visual studio 2010/Projects/EnterpriseProject/EnterpriseProject.Tests/bin/Debug/EnterpriseProject.Tests.DLL" adapterTypeName="Microsoft.VisualStudio.TestTools.TestTypes.Unit.UnitTestAdapter, Microsoft.VisualStudio.QualityTools.Tips.UnitTest.Adapter, Version=10.0.0.0, Culture=neutral, PublicKeyToken=b03f5f7f11d50a3a" className="EnterpriseProject.Tests.Controllers.HomeControllerTest, EnterpriseProject.Tests, Version=1.0.0.0, Culture=neutral, PublicKeyToken=null" name="Index" />
    </UnitTest>
  </TestDefinitions>
  <TestLists>
    <TestList name="Results Not in a List" id="8c84fa94-04c1-424b-9868-57a2d4851a1d" />
    <TestList name="All Loaded Results" id="19431567-8539-422a-85d7-44ee4e166bda" />
  </TestLists>
  <TestEntries>
    <TestEntry testId="ffb01ede-271b-d092-f374-540ad14a8553" executionId="cd7e8719-652e-4dc3-a360-b95f8282a501" testListId="8c84fa94-04c1-424b-9868-57a2d4851a1d" />
    <TestEntry testId="b52d15b4-5b56-72cc-4111-5824d79f490b" executionId="702e528c-486d-4040-8bcf-3786df705e6b" testListId="8c84fa94-04c1-424b-9868-57a2d4851a1d" />
  </TestEntries>
  <Results>
    <UnitTestResult executionId="cd7e8719-652e-4dc3-a360-b95f8282a501" testId="ffb01ede-271b-d092-f374-540ad14a8553" testName="Index" computerName="GROTZART" duration="00:00:00.0315526" startTime="2010-11-22T12:32:04.1928000+00:00" endTime="2010-11-22T12:32:04.7408000+00:00" testType="13cdc9d9-ddb5-4fa4-a97d-d965ccfc6d4b" outcome="Passed" testListId="8c84fa94-04c1-424b-9868-57a2d4851a1d" relativeResultsDirectory="cd7e8719-652e-4dc3-a360-b95f8282a501">
    </UnitTestResult>
    <UnitTestResult executionId="702e528c-486d-4040-8bcf-3786df705e6b" testId="b52d15b4-5b56-72cc-4111-5824d79f490b" testName="About" computerName="GROTZART" duration="00:00:00.0004324" startTime="2010-11-22T12:32:04.7658000+00:00" endTime="2010-11-22T12:32:04.7848000+00:00" testType="13cdc9d9-ddb5-4fa4-a97d-d965ccfc6d4b" outcome="Passed" testListId="8c84fa94-04c1-424b-9868-57a2d4851a1d" relativeResultsDirectory="702e528c-486d-4040-8bcf-3786df705e6b">
    </UnitTestResult>
  </Results>
</TestRun>